Loading MNIST dataset...
Creating network...
Using momentum for updates with learning rate: 0.5, momentum: 0.9
Starting training...
Epoch 1 of 60 took 2.265s
  training loss:		0.100323
Epoch 2 of 60 took 2.198s
  training loss:		0.100000
Epoch 3 of 60 took 2.207s
  training loss:		0.100000
Epoch 4 of 60 took 2.198s
  training loss:		0.100000
Epoch 5 of 60 took 2.197s
  training loss:		0.100000
Epoch 6 of 60 took 2.184s
  training loss:		0.100000
Epoch 7 of 60 took 2.197s
  training loss:		0.100000
Epoch 8 of 60 took 2.204s
  training loss:		0.100000
Epoch 9 of 60 took 2.200s
  training loss:		0.100000
Epoch 10 of 60 took 2.212s
  training loss:		0.100000
Epoch 11 of 60 took 2.237s
  training loss:		0.100000
Epoch 12 of 60 took 2.215s
  training loss:		0.100000
Epoch 13 of 60 took 2.206s
  training loss:		0.100000
Epoch 14 of 60 took 2.226s
  training loss:		0.100000
Epoch 15 of 60 took 2.206s
  training loss:		0.100000
Epoch 16 of 60 took 2.207s
  training loss:		0.100000
Epoch 17 of 60 took 2.214s
  training loss:		0.100000
Epoch 18 of 60 took 2.213s
  training loss:		0.100000
Epoch 19 of 60 took 2.220s
  training loss:		0.100000
Epoch 20 of 60 took 2.220s
  training loss:		0.100000
Epoch 21 of 60 took 2.222s
  training loss:		0.100000
Epoch 22 of 60 took 2.196s
  training loss:		0.100000
Epoch 23 of 60 took 2.186s
  training loss:		0.100000
Epoch 24 of 60 took 2.227s
  training loss:		0.100000
Epoch 25 of 60 took 2.192s
  training loss:		0.100000
Epoch 26 of 60 took 2.191s
  training loss:		0.100000
Epoch 27 of 60 took 2.191s
  training loss:		0.100000
Epoch 28 of 60 took 2.194s
  training loss:		0.100000
Epoch 29 of 60 took 2.199s
  training loss:		0.100000
Epoch 30 of 60 took 2.208s
  training loss:		0.100000
Epoch 31 of 60 took 2.191s
  training loss:		0.100000
Epoch 32 of 60 took 2.198s
  training loss:		0.100000
Epoch 33 of 60 took 2.191s
  training loss:		0.100000
Epoch 34 of 60 took 2.210s
  training loss:		0.100000
Epoch 35 of 60 took 2.200s
  training loss:		0.100000
Epoch 36 of 60 took 2.245s
  training loss:		0.100000
Epoch 37 of 60 took 2.207s
  training loss:		0.100000
Epoch 38 of 60 took 2.187s
  training loss:		0.100000
Epoch 39 of 60 took 2.186s
  training loss:		0.100000
Epoch 40 of 60 took 2.185s
  training loss:		0.100000
Epoch 41 of 60 took 2.190s
  training loss:		0.100000
Epoch 42 of 60 took 2.191s
  training loss:		0.100000
Epoch 43 of 60 took 2.265s
  training loss:		0.100000
Epoch 44 of 60 took 2.190s
  training loss:		0.100000
Epoch 45 of 60 took 2.188s
  training loss:		0.100000
Epoch 46 of 60 took 2.217s
  training loss:		0.100000
Epoch 47 of 60 took 2.299s
  training loss:		0.100000
Epoch 48 of 60 took 2.350s
  training loss:		0.100000
Epoch 49 of 60 took 2.302s
  training loss:		0.100000
Epoch 50 of 60 took 2.242s
  training loss:		0.100000
Epoch 51 of 60 took 2.260s
  training loss:		0.100000
Epoch 52 of 60 took 2.328s
  training loss:		0.100000
Epoch 53 of 60 took 2.194s
  training loss:		0.100000
Epoch 54 of 60 took 2.190s
  training loss:		0.100000
Epoch 55 of 60 took 2.235s
  training loss:		0.100000
Epoch 56 of 60 took 2.214s
  training loss:		0.100000
Epoch 57 of 60 took 2.237s
  training loss:		0.100000
Epoch 58 of 60 took 2.221s
  training loss:		0.100000
Epoch 59 of 60 took 2.272s
  training loss:		0.100000
Epoch 60 of 60 took 2.213s
  training loss:		0.100000
Training accuracy:		9.87 %
Final results:
  test loss:			0.100000
  test accuracy:		9.81 %
