Loading MNIST dataset...
Creating network...
Using momentum for updates with learning rate: 0.5, momentum: 0.9
Starting training...
Epoch 1 of 60 took 2.195s
  training loss:		0.100525
Epoch 2 of 60 took 2.123s
  training loss:		0.100000
Epoch 3 of 60 took 2.083s
  training loss:		0.100000
Epoch 4 of 60 took 2.009s
  training loss:		0.100000
Epoch 5 of 60 took 2.032s
  training loss:		0.100000
Epoch 6 of 60 took 2.092s
  training loss:		0.100000
Epoch 7 of 60 took 2.009s
  training loss:		0.100000
Epoch 8 of 60 took 2.011s
  training loss:		0.100000
Epoch 9 of 60 took 2.014s
  training loss:		0.100000
Epoch 10 of 60 took 2.011s
  training loss:		0.100000
Epoch 11 of 60 took 2.011s
  training loss:		0.100000
Epoch 12 of 60 took 2.010s
  training loss:		0.100000
Epoch 13 of 60 took 2.013s
  training loss:		0.100000
Epoch 14 of 60 took 2.011s
  training loss:		0.100000
Epoch 15 of 60 took 2.011s
  training loss:		0.100000
Epoch 16 of 60 took 2.010s
  training loss:		0.100000
Epoch 17 of 60 took 2.012s
  training loss:		0.100000
Epoch 18 of 60 took 2.017s
  training loss:		0.100000
Epoch 19 of 60 took 2.012s
  training loss:		0.100000
Epoch 20 of 60 took 2.015s
  training loss:		0.100000
Epoch 21 of 60 took 2.013s
  training loss:		0.100000
Epoch 22 of 60 took 2.014s
  training loss:		0.100000
Epoch 23 of 60 took 2.014s
  training loss:		0.100000
Epoch 24 of 60 took 2.013s
  training loss:		0.100000
Epoch 25 of 60 took 2.013s
  training loss:		0.100000
Epoch 26 of 60 took 2.014s
  training loss:		0.100000
Epoch 27 of 60 took 2.013s
  training loss:		0.100000
Epoch 28 of 60 took 2.013s
  training loss:		0.100000
Epoch 29 of 60 took 2.089s
  training loss:		0.100000
Epoch 30 of 60 took 2.077s
  training loss:		0.100000
Epoch 31 of 60 took 2.015s
  training loss:		0.100000
Epoch 32 of 60 took 2.014s
  training loss:		0.100000
Epoch 33 of 60 took 2.012s
  training loss:		0.100000
Epoch 34 of 60 took 2.014s
  training loss:		0.100000
Epoch 35 of 60 took 2.013s
  training loss:		0.100000
Epoch 36 of 60 took 2.013s
  training loss:		0.100000
Epoch 37 of 60 took 2.014s
  training loss:		0.100000
Epoch 38 of 60 took 2.012s
  training loss:		0.100000
Epoch 39 of 60 took 2.013s
  training loss:		0.100000
Epoch 40 of 60 took 2.013s
  training loss:		0.100000
Epoch 41 of 60 took 2.012s
  training loss:		0.100000
Epoch 42 of 60 took 2.071s
  training loss:		0.100000
Epoch 43 of 60 took 2.063s
  training loss:		0.100000
Epoch 44 of 60 took 2.016s
  training loss:		0.100000
Epoch 45 of 60 took 2.024s
  training loss:		0.100000
Epoch 46 of 60 took 2.150s
  training loss:		0.100000
Epoch 47 of 60 took 2.163s
  training loss:		0.100000
Epoch 48 of 60 took 2.042s
  training loss:		0.100000
Epoch 49 of 60 took 2.014s
  training loss:		0.100000
Epoch 50 of 60 took 2.014s
  training loss:		0.100000
Epoch 51 of 60 took 2.013s
  training loss:		0.100000
Epoch 52 of 60 took 2.065s
  training loss:		0.100000
Epoch 53 of 60 took 2.074s
  training loss:		0.100000
Epoch 54 of 60 took 2.028s
  training loss:		0.100000
Epoch 55 of 60 took 2.014s
  training loss:		0.100000
Epoch 56 of 60 took 2.013s
  training loss:		0.100000
Epoch 57 of 60 took 2.013s
  training loss:		0.100000
Epoch 58 of 60 took 2.012s
  training loss:		0.100000
Epoch 59 of 60 took 2.011s
  training loss:		0.100000
Epoch 60 of 60 took 2.012s
  training loss:		0.100000
Training accuracy:		9.04 %
Final results:
  test loss:			0.100000
  test accuracy:		8.91 %
