Loading MNIST dataset...
Creating network...
Using momentum for updates with learning rate: 0.5, momentum: 0.9
Starting training...
Epoch 1 of 60 took 1.976s
  training loss:		0.101476
Epoch 2 of 60 took 1.933s
  training loss:		0.100000
Epoch 3 of 60 took 1.931s
  training loss:		0.100000
Epoch 4 of 60 took 1.933s
  training loss:		0.100000
Epoch 5 of 60 took 1.933s
  training loss:		0.100000
Epoch 6 of 60 took 1.933s
  training loss:		0.100000
Epoch 7 of 60 took 1.933s
  training loss:		0.100000
Epoch 8 of 60 took 1.933s
  training loss:		0.100000
Epoch 9 of 60 took 1.948s
  training loss:		0.100000
Epoch 10 of 60 took 2.031s
  training loss:		0.100000
Epoch 11 of 60 took 1.990s
  training loss:		0.100000
Epoch 12 of 60 took 1.994s
  training loss:		0.100000
Epoch 13 of 60 took 1.998s
  training loss:		0.100000
Epoch 14 of 60 took 1.975s
  training loss:		0.100000
Epoch 15 of 60 took 1.976s
  training loss:		0.100000
Epoch 16 of 60 took 1.975s
  training loss:		0.100000
Epoch 17 of 60 took 1.975s
  training loss:		0.100000
Epoch 18 of 60 took 1.974s
  training loss:		0.100000
Epoch 19 of 60 took 1.974s
  training loss:		0.100000
Epoch 20 of 60 took 1.974s
  training loss:		0.100000
Epoch 21 of 60 took 1.975s
  training loss:		0.100000
Epoch 22 of 60 took 1.976s
  training loss:		0.100000
Epoch 23 of 60 took 1.976s
  training loss:		0.100000
Epoch 24 of 60 took 1.974s
  training loss:		0.100000
Epoch 25 of 60 took 2.008s
  training loss:		0.100000
Epoch 26 of 60 took 2.008s
  training loss:		0.100000
Epoch 27 of 60 took 1.974s
  training loss:		0.100000
Epoch 28 of 60 took 1.972s
  training loss:		0.100000
Epoch 29 of 60 took 1.974s
  training loss:		0.100000
Epoch 30 of 60 took 2.019s
  training loss:		0.100000
Epoch 31 of 60 took 1.973s
  training loss:		0.100000
Epoch 32 of 60 took 1.972s
  training loss:		0.100000
Epoch 33 of 60 took 1.979s
  training loss:		0.100000
Epoch 34 of 60 took 2.050s
  training loss:		0.100000
Epoch 35 of 60 took 2.008s
  training loss:		0.100000
Epoch 36 of 60 took 1.992s
  training loss:		0.100000
Epoch 37 of 60 took 1.982s
  training loss:		0.100000
Epoch 38 of 60 took 2.004s
  training loss:		0.100000
Epoch 39 of 60 took 2.048s
  training loss:		0.100000
Epoch 40 of 60 took 2.056s
  training loss:		0.100000
Epoch 41 of 60 took 1.944s
  training loss:		0.100000
Epoch 42 of 60 took 1.932s
  training loss:		0.100000
Epoch 43 of 60 took 1.930s
  training loss:		0.100000
Epoch 44 of 60 took 1.930s
  training loss:		0.100000
Epoch 45 of 60 took 2.036s
  training loss:		0.100000
Epoch 46 of 60 took 2.029s
  training loss:		0.100000
Epoch 47 of 60 took 2.019s
  training loss:		0.100000
Epoch 48 of 60 took 1.939s
  training loss:		0.100000
Epoch 49 of 60 took 1.929s
  training loss:		0.100000
Epoch 50 of 60 took 1.930s
  training loss:		0.100000
Epoch 51 of 60 took 1.930s
  training loss:		0.100000
Epoch 52 of 60 took 2.003s
  training loss:		0.100000
Epoch 53 of 60 took 2.044s
  training loss:		0.100000
Epoch 54 of 60 took 2.017s
  training loss:		0.100000
Epoch 55 of 60 took 1.968s
  training loss:		0.100000
Epoch 56 of 60 took 1.978s
  training loss:		0.100000
Epoch 57 of 60 took 1.932s
  training loss:		0.100000
Epoch 58 of 60 took 1.928s
  training loss:		0.100000
Epoch 59 of 60 took 2.030s
  training loss:		0.100000
Epoch 60 of 60 took 2.005s
  training loss:		0.100000
Training accuracy:		9.87 %
Final results:
  test loss:			0.100000
  test accuracy:		9.81 %
